Arguments: 
  /usr/local/bin/node /Users/rubinsymonedelstein/.yarn/bin/yarn.js init --y

PATH: 
  /Users/rubinsymonedelstein/.cargo/bin:/Users/rubinsymonedelstein/.yarn/bin:/Users/rubinsymonedelstein/.config/yarn/global/node_modules/.bin:/Users/rubinsymonedelstein/opt/anaconda3/bin:/Users/rubinsymonedelstein/opt/anaconda3/condabin:/usr/local/bin:/usr/bin:/bin:/usr/sbin:/sbin:/usr/local/share/dotnet:~/.dotnet/tools:/Library/Apple/usr/bin:/Library/Frameworks/Mono.framework/Versions/Current/Commands:/usr/local/mysql/bin:/usr/local/mongodb/bin

Yarn version: 
  1.22.5

Node version: 
  12.19.0

Platform: 
  darwin x64

Trace: 
  Error: canceled
      at Interface.<anonymous> (/Users/rubinsymonedelstein/.yarn/lib/cli.js:137009:13)
      at Interface.emit (events.js:314:20)
      at Interface._ttyWrite (readline.js:868:16)
      at ReadStream.onkeypress (readline.js:205:10)
      at ReadStream.emit (events.js:314:20)
      at emitKeys (internal/readline/utils.js:335:14)
      at emitKeys.next (<anonymous>)
      at ReadStream.onData (readline.js:1137:36)
      at ReadStream.emit (events.js:314:20)
      at addChunk (_stream_readable.js:298:12)

npm manifest: 
  No manifest

yarn manifest: 
  No manifest

Lockfile: 
  No lockfile
